This is pdfTeX, Version 3.14159265-2.6-1.40.19 (TeX Live 2018) (preloaded format=pdflatex 2018.4.16)  7 OCT 2018 16:27
entering extended mode
 restricted \write18 enabled.
 %&-line parsing enabled.
**thesis.tex
(./thesis.tex
LaTeX2e <2018-04-01> patch level 2
Babel <3.18> and hyphenation patterns for 84 language(s) loaded.
(./sdsu-thesis.cls
Document Class: sdsu-thesis 2012/02/13 v2012-02-13-17:31:23-PST SDSU-Thesis Cla
ss for Mathematics Department
(/usr/local/texlive/2018/texmf-dist/tex/latex/tools/calc.sty
Package: calc 2017/05/25 v4.3 Infix arithmetic (KKT,FJ)
\calc@Acount=\count80
\calc@Bcount=\count81
\calc@Adimen=\dimen102
\calc@Bdimen=\dimen103
\calc@Askip=\skip41
\calc@Bskip=\skip42
LaTeX Info: Redefining \setlength on input line 80.
LaTeX Info: Redefining \addtolength on input line 81.
\calc@Ccount=\count82
\calc@Cskip=\skip43
)
(/usr/local/texlive/2018/texmf-dist/tex/latex/base/report.cls
Document Class: report 2014/09/29 v1.4h Standard LaTeX document class
(/usr/local/texlive/2018/texmf-dist/tex/latex/base/size12.clo
File: size12.clo 2014/09/29 v1.4h Standard LaTeX file (size option)
)
\c@part=\count83
\c@chapter=\count84
\c@section=\count85
\c@subsection=\count86
\c@subsubsection=\count87
\c@paragraph=\count88
\c@subparagraph=\count89
\c@figure=\count90
\c@table=\count91
\abovecaptionskip=\skip44
\belowcaptionskip=\skip45
\bibindent=\dimen104
)
\c@titlelines=\count92
\c@subsubsubsection=\count93
)
(/usr/local/texlive/2018/texmf-dist/tex/latex/graphics/epsfig.sty
Package: epsfig 2017/06/25 v1.7b (e)psfig emulation (SPQR)

(/usr/local/texlive/2018/texmf-dist/tex/latex/graphics/graphicx.sty
Package: graphicx 2017/06/01 v1.1a Enhanced LaTeX Graphics (DPC,SPQR)

(/usr/local/texlive/2018/texmf-dist/tex/latex/graphics/keyval.sty
Package: keyval 2014/10/28 v1.15 key=value parser (DPC)
\KV@toks@=\toks14
)
(/usr/local/texlive/2018/texmf-dist/tex/latex/graphics/graphics.sty
Package: graphics 2017/06/25 v1.2c Standard LaTeX Graphics (DPC,SPQR)

(/usr/local/texlive/2018/texmf-dist/tex/latex/graphics/trig.sty
Package: trig 2016/01/03 v1.10 sin cos tan (DPC)
)
(/usr/local/texlive/2018/texmf-dist/tex/latex/graphics-cfg/graphics.cfg
File: graphics.cfg 2016/06/04 v1.11 sample graphics configuration
)
Package graphics Info: Driver file: pdftex.def on input line 99.

(/usr/local/texlive/2018/texmf-dist/tex/latex/graphics-def/pdftex.def
File: pdftex.def 2018/01/08 v1.0l Graphics/color driver for pdftex
))
\Gin@req@height=\dimen105
\Gin@req@width=\dimen106
)
\epsfxsize=\dimen107
\epsfysize=\dimen108
)
(/usr/local/texlive/2018/texmf-dist/tex/latex/graphics/color.sty
Package: color 2016/07/10 v1.1e Standard LaTeX Color (DPC)

(/usr/local/texlive/2018/texmf-dist/tex/latex/graphics-cfg/color.cfg
File: color.cfg 2016/01/02 v1.6 sample color configuration
)
Package color Info: Driver file: pdftex.def on input line 147.
)
(/usr/local/texlive/2018/texmf-dist/tex/latex/soul/soul.sty
Package: soul 2003/11/17 v2.4 letterspacing/underlining (mf)
\SOUL@word=\toks15
\SOUL@lasttoken=\toks16
\SOUL@cmds=\toks17
\SOUL@buffer=\toks18
\SOUL@token=\toks19
\SOUL@spaceskip=\skip46
\SOUL@ttwidth=\dimen109
\SOUL@uldp=\dimen110
\SOUL@ulht=\dimen111
)
(/usr/local/texlive/2018/texmf-dist/tex/latex/tools/verbatim.sty
Package: verbatim 2014/10/28 v1.5q LaTeX2e package for verbatim enhancements
\every@verbatim=\toks20
\verbatim@line=\toks21
\verbatim@in@stream=\read1
)
(/usr/local/texlive/2018/texmf-dist/tex/latex/cancel/cancel.sty
Package: cancel 2013/04/12 v2.2 Cancel math terms
)
(/usr/local/texlive/2018/texmf-dist/tex/latex/float/float.sty
Package: float 2001/11/08 v1.3d Float enhancements (AL)
\c@float@type=\count94
\float@exts=\toks22
\float@box=\box26
\@float@everytoks=\toks23
\@floatcapt=\box27
)
(/usr/local/texlive/2018/texmf-dist/tex/latex/natbib/natbib.sty
Package: natbib 2010/09/13 8.31b (PWD, AO)
\bibhang=\skip47
\bibsep=\skip48
LaTeX Info: Redefining \cite on input line 694.
\c@NAT@ctr=\count95
)
(/usr/local/texlive/2018/texmf-dist/tex/latex/algorithms/algorithm.sty
Package: algorithm 2009/08/24 v0.1 Document Style `algorithm' - floating enviro
nment

(/usr/local/texlive/2018/texmf-dist/tex/latex/base/ifthen.sty
Package: ifthen 2014/09/29 v1.1c Standard LaTeX ifthen package (DPC)
)
\@float@every@algorithm=\toks24
\c@algorithm=\count96
)
(/usr/local/texlive/2018/texmf-dist/tex/latex/algorithmicx/algpseudocode.sty
Package: algpseudocode 

(/usr/local/texlive/2018/texmf-dist/tex/latex/algorithmicx/algorithmicx.sty
Package: algorithmicx 2005/04/27 v1.2 Algorithmicx

Document Style algorithmicx 1.2 - a greatly improved `algorithmic' style
\c@ALG@line=\count97
\c@ALG@rem=\count98
\c@ALG@nested=\count99
\ALG@tlm=\skip49
\ALG@thistlm=\skip50
\c@ALG@Lnr=\count100
\c@ALG@blocknr=\count101
\c@ALG@storecount=\count102
\c@ALG@tmpcounter=\count103
\ALG@tmplength=\skip51
)
Document Style - pseudocode environments for use with the `algorithmicx' style
) (/usr/local/texlive/2018/texmf-dist/tex/latex/listings/listings.sty
\lst@mode=\count104
\lst@gtempboxa=\box28
\lst@token=\toks25
\lst@length=\count105
\lst@currlwidth=\dimen112
\lst@column=\count106
\lst@pos=\count107
\lst@lostspace=\dimen113
\lst@width=\dimen114
\lst@newlines=\count108
\lst@lineno=\count109
\lst@maxwidth=\dimen115

(/usr/local/texlive/2018/texmf-dist/tex/latex/listings/lstmisc.sty
File: lstmisc.sty 2015/06/04 1.6 (Carsten Heinz)
\c@lstnumber=\count110
\lst@skipnumbers=\count111
\lst@framebox=\box29
)
(/usr/local/texlive/2018/texmf-dist/tex/latex/listings/listings.cfg
File: listings.cfg 2015/06/04 1.6 listings configuration
))
Package: listings 2015/06/04 1.6 (Carsten Heinz)

(/usr/local/texlive/2018/texmf-dist/tex/latex/hyperref/hyperref.sty
Package: hyperref 2018/02/06 v6.86b Hypertext links for LaTeX

(/usr/local/texlive/2018/texmf-dist/tex/generic/oberdiek/hobsub-hyperref.sty
Package: hobsub-hyperref 2016/05/16 v1.14 Bundle oberdiek, subset hyperref (HO)


(/usr/local/texlive/2018/texmf-dist/tex/generic/oberdiek/hobsub-generic.sty
Package: hobsub-generic 2016/05/16 v1.14 Bundle oberdiek, subset generic (HO)
Package: hobsub 2016/05/16 v1.14 Construct package bundles (HO)
Package: infwarerr 2016/05/16 v1.4 Providing info/warning/error messages (HO)
Package: ltxcmds 2016/05/16 v1.23 LaTeX kernel commands for general use (HO)
Package: ifluatex 2016/05/16 v1.4 Provides the ifluatex switch (HO)
Package ifluatex Info: LuaTeX not detected.
Package: ifvtex 2016/05/16 v1.6 Detect VTeX and its facilities (HO)
Package ifvtex Info: VTeX not detected.
Package: intcalc 2016/05/16 v1.2 Expandable calculations with integers (HO)
Package: ifpdf 2017/03/15 v3.2 Provides the ifpdf switch
Package: etexcmds 2016/05/16 v1.6 Avoid name clashes with e-TeX commands (HO)
Package etexcmds Info: Could not find \expanded.
(etexcmds)             That can mean that you are not using pdfTeX 1.50 or
(etexcmds)             that some package has redefined \expanded.
(etexcmds)             In the latter case, load this package earlier.
Package: kvsetkeys 2016/05/16 v1.17 Key value parser (HO)
Package: kvdefinekeys 2016/05/16 v1.4 Define keys (HO)
Package: pdftexcmds 2018/01/30 v0.27 Utility functions of pdfTeX for LuaTeX (HO
)
Package pdftexcmds Info: LuaTeX not detected.
Package pdftexcmds Info: \pdf@primitive is available.
Package pdftexcmds Info: \pdf@ifprimitive is available.
Package pdftexcmds Info: \pdfdraftmode found.
Package: pdfescape 2016/05/16 v1.14 Implements pdfTeX's escape features (HO)
Package: bigintcalc 2016/05/16 v1.4 Expandable calculations on big integers (HO
)
Package: bitset 2016/05/16 v1.2 Handle bit-vector datatype (HO)
Package: uniquecounter 2016/05/16 v1.3 Provide unlimited unique counter (HO)
)
Package hobsub Info: Skipping package `hobsub' (already loaded).
Package: letltxmacro 2016/05/16 v1.5 Let assignment for LaTeX macros (HO)
Package: hopatch 2016/05/16 v1.3 Wrapper for package hooks (HO)
Package: xcolor-patch 2016/05/16 xcolor patch
Package: atveryend 2016/05/16 v1.9 Hooks at the very end of document (HO)
Package atveryend Info: \enddocument detected (standard20110627).
Package: atbegshi 2016/06/09 v1.18 At begin shipout hook (HO)
Package: refcount 2016/05/16 v3.5 Data extraction from label references (HO)
Package: hycolor 2016/05/16 v1.8 Color options for hyperref/bookmark (HO)
)
(/usr/local/texlive/2018/texmf-dist/tex/generic/ifxetex/ifxetex.sty
Package: ifxetex 2010/09/12 v0.6 Provides ifxetex conditional
)
(/usr/local/texlive/2018/texmf-dist/tex/latex/oberdiek/auxhook.sty
Package: auxhook 2016/05/16 v1.4 Hooks for auxiliary files (HO)
)
(/usr/local/texlive/2018/texmf-dist/tex/latex/oberdiek/kvoptions.sty
Package: kvoptions 2016/05/16 v3.12 Key value format for package options (HO)
)
\@linkdim=\dimen116
\Hy@linkcounter=\count112
\Hy@pagecounter=\count113

(/usr/local/texlive/2018/texmf-dist/tex/latex/hyperref/pd1enc.def
File: pd1enc.def 2018/02/06 v6.86b Hyperref: PDFDocEncoding definition (HO)
Now handling font encoding PD1 ...
... no UTF-8 mapping file for font encoding PD1
)
\Hy@SavedSpaceFactor=\count114

(/usr/local/texlive/2018/texmf-dist/tex/latex/latexconfig/hyperref.cfg
File: hyperref.cfg 2002/06/06 v1.2 hyperref configuration of TeXLive
)
Package hyperref Info: Hyper figures OFF on input line 4509.
Package hyperref Info: Link nesting OFF on input line 4514.
Package hyperref Info: Hyper index ON on input line 4517.
Package hyperref Info: Plain pages OFF on input line 4524.
Package hyperref Info: Backreferencing OFF on input line 4529.
Package hyperref Info: Implicit mode ON; LaTeX internals redefined.
Package hyperref Info: Bookmarks ON on input line 4762.
\c@Hy@tempcnt=\count115

(/usr/local/texlive/2018/texmf-dist/tex/latex/url/url.sty
\Urlmuskip=\muskip10
Package: url 2013/09/16  ver 3.4  Verb mode for urls, etc.
)
LaTeX Info: Redefining \url on input line 5115.
\XeTeXLinkMargin=\dimen117
\Fld@menulength=\count116
\Field@Width=\dimen118
\Fld@charsize=\dimen119
Package hyperref Info: Hyper figures OFF on input line 6369.
Package hyperref Info: Link nesting OFF on input line 6374.
Package hyperref Info: Hyper index ON on input line 6377.
Package hyperref Info: backreferencing OFF on input line 6384.
Package hyperref Info: Link coloring OFF on input line 6389.
Package hyperref Info: Link coloring with OCG OFF on input line 6394.
Package hyperref Info: PDF/A mode OFF on input line 6399.
LaTeX Info: Redefining \ref on input line 6439.
LaTeX Info: Redefining \pageref on input line 6443.
\Hy@abspage=\count117
\c@Item=\count118
\c@Hfootnote=\count119
)
Package hyperref Info: Driver (autodetected): hpdftex.

(/usr/local/texlive/2018/texmf-dist/tex/latex/hyperref/hpdftex.def
File: hpdftex.def 2018/02/06 v6.86b Hyperref driver for pdfTeX
\Fld@listcount=\count120
\c@bookmark@seq@number=\count121

(/usr/local/texlive/2018/texmf-dist/tex/latex/oberdiek/rerunfilecheck.sty
Package: rerunfilecheck 2016/05/16 v1.8 Rerun checks for auxiliary files (HO)
Package uniquecounter Info: New unique counter `rerunfilecheck' on input line 2
82.
)
\Hy@SectionHShift=\skip52
)
Package hyperref Info: Option `colorlinks' set `true' on input line 70.

(/usr/local/texlive/2018/texmf-dist/tex/latex/listings/lstlang1.sty
File: lstlang1.sty 2015/06/04 1.6 listings language file
)
(/usr/local/texlive/2018/texmf-dist/tex/latex/amsmath/amsmath.sty
Package: amsmath 2017/09/02 v2.17a AMS math features
\@mathmargin=\skip53

For additional information on amsmath, use the `?' option.
(/usr/local/texlive/2018/texmf-dist/tex/latex/amsmath/amstext.sty
Package: amstext 2000/06/29 v2.01 AMS text

(/usr/local/texlive/2018/texmf-dist/tex/latex/amsmath/amsgen.sty
File: amsgen.sty 1999/11/30 v2.0 generic functions
\@emptytoks=\toks26
\ex@=\dimen120
))
(/usr/local/texlive/2018/texmf-dist/tex/latex/amsmath/amsbsy.sty
Package: amsbsy 1999/11/29 v1.2d Bold Symbols
\pmbraise@=\dimen121
)
(/usr/local/texlive/2018/texmf-dist/tex/latex/amsmath/amsopn.sty
Package: amsopn 2016/03/08 v2.02 operator names
)
\inf@bad=\count122
LaTeX Info: Redefining \frac on input line 213.
\uproot@=\count123
\leftroot@=\count124
LaTeX Info: Redefining \overline on input line 375.
\classnum@=\count125
\DOTSCASE@=\count126
LaTeX Info: Redefining \ldots on input line 472.
LaTeX Info: Redefining \dots on input line 475.
LaTeX Info: Redefining \cdots on input line 596.
\Mathstrutbox@=\box30
\strutbox@=\box31
\big@size=\dimen122
LaTeX Font Info:    Redeclaring font encoding OML on input line 712.
LaTeX Font Info:    Redeclaring font encoding OMS on input line 713.
\macc@depth=\count127
\c@MaxMatrixCols=\count128
\dotsspace@=\muskip11
\c@parentequation=\count129
\dspbrk@lvl=\count130
\tag@help=\toks27
\row@=\count131
\column@=\count132
\maxfields@=\count133
\andhelp@=\toks28
\eqnshift@=\dimen123
\alignsep@=\dimen124
\tagshift@=\dimen125
\tagwidth@=\dimen126
\totwidth@=\dimen127
\lineht@=\dimen128
\@envbody=\toks29
\multlinegap=\skip54
\multlinetaggap=\skip55
\mathdisplay@stack=\toks30
LaTeX Info: Redefining \[ on input line 2817.
LaTeX Info: Redefining \] on input line 2818.
)
(/usr/local/texlive/2018/texmf-dist/tex/latex/amsfonts/amsfonts.sty
Package: amsfonts 2013/01/14 v3.01 Basic AMSFonts support
\symAMSa=\mathgroup4
\symAMSb=\mathgroup5
LaTeX Font Info:    Overwriting math alphabet `\mathfrak' in version `bold'
(Font)                  U/euf/m/n --> U/euf/b/n on input line 106.
)
(/usr/local/texlive/2018/texmf-dist/tex/latex/amsfonts/amssymb.sty
Package: amssymb 2013/01/14 v3.01 AMS font symbols
)
(/usr/local/texlive/2018/texmf-dist/tex/latex/amscls/amsthm.sty
Package: amsthm 2017/10/31 v2.20.4
\thm@style=\toks31
\thm@bodyfont=\toks32
\thm@headfont=\toks33
\thm@notefont=\toks34
\thm@headpunct=\toks35
\thm@preskip=\skip56
\thm@postskip=\skip57
\thm@headsep=\skip58
\dth@everypar=\toks36
)
(/usr/local/texlive/2018/texmf-dist/tex/latex/caption/caption.sty
Package: caption 2016/02/21 v3.3-144 Customizing captions (AR)

(/usr/local/texlive/2018/texmf-dist/tex/latex/caption/caption3.sty
Package: caption3 2016/05/22 v1.7-166 caption3 kernel (AR)
Package caption3 Info: TeX engine: e-TeX on input line 67.
\captionmargin=\dimen129
\captionmargin@=\dimen130
\captionwidth=\dimen131
\caption@tempdima=\dimen132
\caption@indent=\dimen133
\caption@parindent=\dimen134
\caption@hangindent=\dimen135
Package caption Info: Unknown document class (or package),
(caption)             standard defaults will be used.
)

Package caption Warning: Unsupported document class (or package) detected,
(caption)                usage of the caption package is not recommended.
See the caption package documentation for explanation.

Package caption Info: \@makecaption = \long macro:#1#2->\vskip \abovecaptionski
p {\ssp \raggedright \bfseries #1. #2\par } \vskip \belowcaptionskip .
\c@ContinuedFloat=\count134
Package caption Info: float package is loaded.
Package caption Info: hyperref package is loaded.
Package caption Info: listings package is loaded.
) (/usr/local/texlive/2018/texmf-dist/tex/latex/tools/longtable.sty
Package: longtable 2014/10/28 v4.11 Multi-page Table package (DPC)
\LTleft=\skip59
\LTright=\skip60
\LTpre=\skip61
\LTpost=\skip62
\LTchunksize=\count135
\LTcapwidth=\dimen136
\LT@head=\box32
\LT@firsthead=\box33
\LT@foot=\box34
\LT@lastfoot=\box35
\LT@cols=\count136
\LT@rows=\count137
\c@LT@tables=\count138
\c@LT@chunks=\count139
\LT@p@ftn=\toks37
)
(/usr/local/texlive/2018/texmf-dist/tex/generic/ulem/ulem.sty
\UL@box=\box36
\UL@hyphenbox=\box37
\UL@skip=\skip63
\UL@hook=\toks38
\UL@height=\dimen137
\UL@pe=\count140
\UL@pixel=\dimen138
\ULC@box=\box38
Package: ulem 2012/05/18
\ULdepth=\dimen139
)
(/usr/local/texlive/2018/texmf-dist/tex/latex/datatool/datatool.sty
Package: datatool 2017/11/12 v2.29 (NLCT)

(/usr/local/texlive/2018/texmf-dist/tex/latex/xkeyval/xkeyval.sty
Package: xkeyval 2014/12/03 v2.7a package option processing (HA)

(/usr/local/texlive/2018/texmf-dist/tex/generic/xkeyval/xkeyval.tex
(/usr/local/texlive/2018/texmf-dist/tex/generic/xkeyval/xkvutils.tex
\XKV@toks=\toks39
\XKV@tempa@toks=\toks40
)
\XKV@depth=\count141
File: xkeyval.tex 2014/12/03 v2.7a key=value parser (HA)
))
(/usr/local/texlive/2018/texmf-dist/tex/latex/xfor/xfor.sty
Package: xfor 2009/02/05 v1.05 (NLCT)
)
(/usr/local/texlive/2018/texmf-dist/tex/latex/substr/substr.sty
Package: substr 2009/10/20 v1.2 Handle substrings
\c@su@anzahl=\count142
)
(/usr/local/texlive/2018/texmf-dist/tex/latex/etoolbox/etoolbox.sty
Package: etoolbox 2018/02/11 v2.5e e-TeX tools for LaTeX (JAW)
\etb@tempcnta=\count143
)
(/usr/local/texlive/2018/texmf-dist/tex/latex/datatool/datatool-base.sty
Package: datatool-base 2017/11/12 v2.29 (NLCT)

(/usr/local/texlive/2018/texmf-dist/tex/latex/datatool/datatool-fp.sty
Package: datatool-fp 2017/11/12 v2.29 (NLCT)

(/usr/local/texlive/2018/texmf-dist/tex/latex/fp/fp.sty
Package: fp 1995/04/02

`Fixed Point Package', Version 0.8, April 2, 1995 (C) Michael Mehlich
(/usr/local/texlive/2018/texmf-dist/tex/latex/fp/defpattern.sty
Package: defpattern 1994/10/12
\actioncount=\count144
)
(/usr/local/texlive/2018/texmf-dist/tex/latex/fp/fp-basic.sty
Package: fp-basic 1996/05/13
\FP@xs=\count145
\FP@xia=\count146
\FP@xib=\count147
\FP@xfa=\count148
\FP@xfb=\count149
\FP@rega=\count150
\FP@regb=\count151
\FP@regs=\count152
\FP@times=\count153
)
(/usr/local/texlive/2018/texmf-dist/tex/latex/fp/fp-addons.sty
Package: fp-addons 1995/03/15
)
(/usr/local/texlive/2018/texmf-dist/tex/latex/fp/fp-snap.sty
Package: fp-snap 1995/04/05
)
(/usr/local/texlive/2018/texmf-dist/tex/latex/fp/fp-exp.sty
Package: fp-exp 1995/04/03
)
(/usr/local/texlive/2018/texmf-dist/tex/latex/fp/fp-trigo.sty
Package: fp-trigo 1995/04/14
)
(/usr/local/texlive/2018/texmf-dist/tex/latex/fp/fp-pas.sty
Package: fp-pas 1994/08/29
)
(/usr/local/texlive/2018/texmf-dist/tex/latex/fp/fp-random.sty
Package: fp-random 1995/02/23
\FPseed=\count154
)
(/usr/local/texlive/2018/texmf-dist/tex/latex/fp/fp-eqn.sty
Package: fp-eqn 1995/04/03
)
(/usr/local/texlive/2018/texmf-dist/tex/latex/fp/fp-upn.sty
Package: fp-upn 1996/10/21
)
(/usr/local/texlive/2018/texmf-dist/tex/latex/fp/fp-eval.sty
Package: fp-eval 1995/04/03
)))
\@dtl@toks=\toks41
\@dtl@tmpcount=\count155
\dtl@tmplength=\skip64
\dtl@sortresult=\count156
\@dtl@numgrpsepcount=\count157
\@dtl@datatype=\count158
\dtl@codeA=\count159
\dtl@codeB=\count160
\@dtl@foreach@level=\count161
)
\dtlcolumnnum=\count162
\dtlrownum=\count163
\@dtl@before=\toks42
\@dtl@after=\toks43
\@dtl@colhead=\toks44
\dtlcurrentrow=\toks45
\dtlbeforerow=\toks46
\dtlafterrow=\toks47
\dtlforeachlevel=\count164
\c@DTLrowi=\count165
\c@DTLrowii=\count166
\c@DTLrowiii=\count167
\c@DTLrow=\count168
\dtl@rowi=\count169
\dtl@rowii=\count170
\dtl@rowiii=\count171
\@dtl@curi=\toks48
\@dtl@previ=\toks49
\@dtl@nexti=\toks50
\@dtl@curii=\toks51
\@dtl@previi=\toks52
\@dtl@nextii=\toks53
\@dtl@curiii=\toks54
\@dtl@previii=\toks55
\@dtl@nextiii=\toks56
\@dtl@elements=\count172
\@dtl@list=\toks57
\@dtl@rowa=\toks58
\@dtl@rowb=\toks59
\@dtl@toksA=\toks60
\@dtl@toksB=\toks61
\@dtl@write=\write3
\@dtl@read=\read2
\dtl@entrycr=\count173
\dtl@omitlines=\count174
)
(/usr/local/texlive/2018/texmf-dist/tex/latex/glossaries/base/glossaries.sty
Package: glossaries 2018/04/07 v4.37 (NLCT)

(/usr/local/texlive/2018/texmf-dist/tex/latex/mfirstuc/mfirstuc.sty
Package: mfirstuc 2017/11/14 v2.06 (NLCT)
\@glsmfirst=\toks62
\@glsmrest=\toks63
)
(/usr/local/texlive/2018/texmf-dist/tex/latex/textcase/textcase.sty
Package: textcase 2004/10/07 v0.07 Text only upper/lower case changing (DPC)
)
(/usr/local/texlive/2018/texmf-dist/tex/latex/glossaries/base/glossaries-compat
ible-307.sty
Package: glossaries-compatible-307 2018/04/07 v4.37 (NLCT)
)
\gls@level=\count175
\@gls@tmpb=\toks64
\gls@tmplen=\skip65
\glskeylisttok=\toks65
\glslabeltok=\toks66
\glsshorttok=\toks67
\glslongtok=\toks68

(/usr/local/texlive/2018/texmf-dist/tex/latex/glossaries/styles/glossary-hypern
av.sty
Package: glossary-hypernav 2018/04/07 v4.37 (NLCT)
)
(/usr/local/texlive/2018/texmf-dist/tex/latex/glossaries/styles/glossary-list.s
ty
Package: glossary-list 2018/04/07 v4.37 (NLCT)
\glslistdottedwidth=\skip66
)
(/usr/local/texlive/2018/texmf-dist/tex/latex/glossaries/styles/glossary-long.s
ty
Package: glossary-long 2018/04/07 v4.37 (NLCT)
\glsdescwidth=\skip67
\glspagelistwidth=\skip68
)
(/usr/local/texlive/2018/texmf-dist/tex/latex/glossaries/styles/glossary-super.
sty
Package: glossary-super 2018/04/07 v4.37 (NLCT)
 (/usr/local/texlive/2018/texmf-dist/tex/latex/supertabular/supertabular.sty
Package: supertabular 2004/02/20 v4.1e the supertabular environment
\c@tracingst=\count176
\ST@wd=\dimen140
\ST@rightskip=\skip69
\ST@leftskip=\skip70
\ST@parfillskip=\skip71
\ST@pageleft=\dimen141
\ST@headht=\dimen142
\ST@tailht=\dimen143
\ST@pagesofar=\dimen144
\ST@pboxht=\dimen145
\ST@lineht=\dimen146
\ST@stretchht=\dimen147
\ST@prevht=\dimen148
\ST@toadd=\dimen149
\ST@dimen=\dimen150
\ST@pbox=\box39
))
(/usr/local/texlive/2018/texmf-dist/tex/latex/glossaries/styles/glossary-tree.s
ty
Package: glossary-tree 2018/04/07 v4.37 (NLCT)
\glstreeindent=\skip72
))
\glswrite=\write4
\glo@main@file=\write5
\openout5 = `thesis.glo'.

Package glossaries Info: Writing glossary file thesis.glo on input line 160.
 (./glossary.tex)
\c@corollary=\count177
\c@definition=\count178
\c@lemma=\count179
\c@proposition=\count180
\c@theorem=\count181

! Undefined control sequence.
l.240 \committeecochair
                       {Sam Shen}
The control sequence at the end of the top line
of your error message was never \def'ed. If you have
misspelled it (e.g., `\hobx'), type `I' and the correct
spelling (e.g., `I\hbox'). Otherwise just continue,
and I'll forget about whatever was undefined.


! LaTeX Error: Missing \begin{document}.

See the LaTeX manual or LaTeX Companion for explanation.
Type  H <return>  for immediate help.
 ...                                              
                                                  
l.240 \committeecochair{S
                         am Shen}
You're in trouble here.  Try typing  <return>  to proceed.
If that doesn't work, type  X <return>  to quit.

! Undefined control sequence.
l.241 \committeecochairdept
                           {Department of Mathematics and Statistics}
The control sequence at the end of the top line
of your error message was never \def'ed. If you have
misspelled it (e.g., `\hobx'), type `I' and the correct
spelling (e.g., `I\hbox'). Otherwise just continue,
and I'll forget about whatever was undefined.

(./thesis.aux)
\openout1 = `thesis.aux'.

LaTeX Font Info:    Checking defaults for OML/cmm/m/it on input line 251.
LaTeX Font Info:    ... okay on input line 251.
LaTeX Font Info:    Checking defaults for T1/cmr/m/n on input line 251.
LaTeX Font Info:    ... okay on input line 251.
LaTeX Font Info:    Checking defaults for OT1/cmr/m/n on input line 251.
LaTeX Font Info:    ... okay on input line 251.
LaTeX Font Info:    Checking defaults for OMS/cmsy/m/n on input line 251.
LaTeX Font Info:    ... okay on input line 251.
LaTeX Font Info:    Checking defaults for OMX/cmex/m/n on input line 251.
LaTeX Font Info:    ... okay on input line 251.
LaTeX Font Info:    Checking defaults for U/cmr/m/n on input line 251.
LaTeX Font Info:    ... okay on input line 251.
LaTeX Font Info:    Checking defaults for PD1/pdf/m/n on input line 251.
LaTeX Font Info:    ... okay on input line 251.
LaTeX Font Info:    Try loading font information for OT1+ptm on input line 251.

 (/usr/local/texlive/2018/texmf-dist/tex/latex/psnfss/ot1ptm.fd
File: ot1ptm.fd 2001/06/04 font definitions for OT1/ptm.
)
Note: longtable package detected, redefining the caption printing
(/usr/local/texlive/2018/texmf-dist/tex/context/base/mkii/supp-pdf.mkii
[Loading MPS to PDF converter (version 2006.09.02).]
\scratchcounter=\count182
\scratchdimen=\dimen151
\scratchbox=\box40
\nofMPsegments=\count183
\nofMParguments=\count184
\everyMPshowfont=\toks69
\MPscratchCnt=\count185
\MPscratchDim=\dimen152
\MPnumerator=\count186
\makeMPintoPDFobject=\count187
\everyMPtoPDFconversion=\toks70
) (/usr/local/texlive/2018/texmf-dist/tex/latex/oberdiek/epstopdf-base.sty
Package: epstopdf-base 2016/05/15 v2.6 Base part for package epstopdf

(/usr/local/texlive/2018/texmf-dist/tex/latex/oberdiek/grfext.sty
Package: grfext 2016/05/16 v1.2 Manage graphics extensions (HO)
)
Package epstopdf-base Info: Redefining graphics rule for `.eps' on input line 4
38.
Package grfext Info: Graphics extension search list:
(grfext)             [.pdf,.png,.jpg,.mps,.jpeg,.jbig2,.jb2,.PDF,.PNG,.JPG,.JPE
G,.JBIG2,.JB2,.eps]
(grfext)             \AppendGraphicsExtensions on input line 456.

(/usr/local/texlive/2018/texmf-dist/tex/latex/latexconfig/epstopdf-sys.cfg
File: epstopdf-sys.cfg 2010/07/13 v1.3 Configuration of (r)epstopdf for TeX Liv
e
))
\c@lstlisting=\count188
\AtBeginShipoutBox=\box41
Package hyperref Info: Link coloring ON on input line 251.

(/usr/local/texlive/2018/texmf-dist/tex/latex/hyperref/nameref.sty
Package: nameref 2016/05/21 v2.44 Cross-referencing by name of section

(/usr/local/texlive/2018/texmf-dist/tex/generic/oberdiek/gettitlestring.sty
Package: gettitlestring 2016/05/16 v1.5 Cleanup title references (HO)
)
\c@section@level=\count189
)
LaTeX Info: Redefining \ref on input line 251.
LaTeX Info: Redefining \pageref on input line 251.
LaTeX Info: Redefining \nameref on input line 251.

(./thesis.out) (./thesis.out)
\@outlinefile=\write6
\openout6 = `thesis.out'.

Package caption Info: Begin \AtBeginDocument code.
Package caption Info: longtable package is loaded.

(/usr/local/texlive/2018/texmf-dist/tex/latex/caption/ltcaption.sty
Package: ltcaption 2013/06/09 v1.4-94 longtable captions (AR)
)
Package caption Info: supertabular package is loaded.
Package caption Info: End \AtBeginDocument code.
LaTeX Font Info:    Font shape `OT1/ptm/bx/n' in size <12> not available
(Font)              Font shape `OT1/ptm/b/n' tried instead on input line 256.
 [1


\openout4 = `thesis.ist'.

{/usr/local/texlive/2018/texmf-var/fonts/map/pdftex/updmap/pdftex.map}]
LaTeX Font Info:    Font shape `OT1/ptm/bx/n' in size <14.4> not available
(Font)              Font shape `OT1/ptm/b/n' tried instead on input line 259.
 [2]
LaTeX Font Info:    Try loading font information for OMS+ptm on input line 264.


(/usr/local/texlive/2018/texmf-dist/tex/latex/psnfss/omsptm.fd
File: omsptm.fd 
)
LaTeX Font Info:    Font shape `OMS/ptm/m/n' in size <12> not available
(Font)              Font shape `OMS/cmsy/m/n' tried instead on input line 264.
 [3] [4

]
[5]

Package hyperref Warning: bookmark level for unknown schapter defaults to 0.

(./abstract.tex
LaTeX Font Info:    Try loading font information for U+msa on input line 9.
 (/usr/local/texlive/2018/texmf-dist/tex/latex/amsfonts/umsa.fd
File: umsa.fd 2013/01/14 v3.01 AMS symbols A
)
LaTeX Font Info:    Try loading font information for U+msb on input line 9.
(/usr/local/texlive/2018/texmf-dist/tex/latex/amsfonts/umsb.fd
File: umsb.fd 2013/01/14 v3.01 AMS symbols B
) [6

]) [7]
(./thesis.toc [8

])
\tf@toc=\write7
\openout7 = `thesis.toc'.

 [9] (./thesis.lot)
\tf@lot=\write8
\openout8 = `thesis.lot'.

 [10

] (./thesis.lof [11

] [12] [13])
\tf@lof=\write9
\openout9 = `thesis.lof'.


[14] (./thesis.gls [15

] [16] [17]) [18] [19

] (./chapters/ch1.tex

Package hyperref Warning: bookmark level for unknown chaphd defaults to 0.

CHAPTER 1.
LaTeX Font Info:    Font shape `OT1/ptm/bx/sc' in size <14.4> not available
(Font)              Font shape `OT1/ptm/b/sc' tried instead on input line 1.
[1

]
 Section 1.1.
LaTeX Font Info:    Font shape `OT1/ptm/bx/sc' in size <12> not available
(Font)              Font shape `OT1/ptm/b/sc' tried instead on input line 14.
[2]
<Figures/ch1/ims_data.jpg, id=630, 759.58781pt x 552.56438pt>
File: Figures/ch1/ims_data.jpg Graphic file (type jpg)
<use Figures/ch1/ims_data.jpg>
Package pdftex.def Info: Figures/ch1/ims_data.jpg  used on input line 29.
(pdftex.def)             Requested size: 325.215pt x 236.57784pt.
 [3 <./Figures/ch1/ims_data.jpg>]
 Section 1.2.
 Subsection 1.2.1.
<Figures/ch3/commTS.png, id=648, 906.38625pt x 337.26pt>
File: Figures/ch3/commTS.png Graphic file (type png)
<use Figures/ch3/commTS.png>
Package pdftex.def Info: Figures/ch3/commTS.png  used on input line 53.
(pdftex.def)             Requested size: 325.215pt x 121.00696pt.
[4]
<Figures/ch1/operation_park_profile.jpg, id=656, 192.72pt x 144.54pt>
File: Figures/ch1/operation_park_profile.jpg Graphic file (type jpg)
<use Figures/ch1/operation_park_profile.jpg>
Package pdftex.def Info: Figures/ch1/operation_park_profile.jpg  used on input 
line 61.
(pdftex.def)             Requested size: 325.215pt x 243.91061pt.

 Subsection 1.2.2.
 Subsection 1.2.3.
[5 <./Figures/ch3/commTS.png> <./Figures/ch1/operation_park_profile.jpg>]
[6]
 Subsection 1.2.4.
 Subsubsection 1.2.4.1.
<Figures/ch1/argo_france.png, id=678, 1171.37625pt x 819.06pt>
File: Figures/ch1/argo_france.png Graphic file (type png)
<use Figures/ch1/argo_france.png>
Package pdftex.def Info: Figures/ch1/argo_france.png  used on input line 111.
(pdftex.def)             Requested size: 216.81pt x 151.59871pt.
<Figures/ch1/argo_france_zoomed.png, id=679, 1162.3425pt x 799.98875pt>
File: Figures/ch1/argo_france_zoomed.png Graphic file (type png)
<use Figures/ch1/argo_france_zoomed.png>
Package pdftex.def Info: Figures/ch1/argo_france_zoomed.png  used on input line
 112.
(pdftex.def)             Requested size: 216.81pt x 149.21628pt.

Overfull \hbox (2.28003pt too wide) in paragraph at lines 111--113
[][] [] 
 []

LaTeX Font Info:    Font shape `OT1/cmtt/bx/n' in size <12> not available
(Font)              Font shape `OT1/cmtt/m/n' tried instead on input line 113.

Underfull \hbox (badness 3098) in paragraph at lines 113--113
[]\OT1/ptm/b/n/12 Figure 1.4. |[]Argo Ac-tive net-work map (left) [][]$\OT1/cmt
t/m/n/12 http : / / www . argo-[]france . fr /
 []

 Subsubsection 1.2.4.2.
[7]
<Figures/ch1/datMain.png, id=697, 1861.95625pt x 1029.8475pt>
File: Figures/ch1/datMain.png Graphic file (type png)
<use Figures/ch1/datMain.png>
Package pdftex.def Info: Figures/ch1/datMain.png  used on input line 128.
(pdftex.def)             Requested size: 433.62pt x 239.82993pt.
<Figures/ch1/datTempAnom.png, id=699, 1866.975pt x 1027.84pt>
File: Figures/ch1/datTempAnom.png Graphic file (type png)
<use Figures/ch1/datTempAnom.png>
Package pdftex.def Info: Figures/ch1/datTempAnom.png  used on input line 140.
(pdftex.def)             Requested size: 433.62pt x 238.71939pt.
 [8 <./Figures/ch1/argo_france.png (PNG copy)> <./Figures/ch1/argo_france_zoome
d.png (PNG copy)>]
 Subsubsection 1.2.4.3.
[9pdfTeX warning (ext4): destination with the same identifier (name{enumi.0}) h
as been already used, duplicate ignored

\AtBegShi@Output ...ipout \box \AtBeginShipoutBox 
                                                  \fi \fi 
l.164 
      pdfTeX warning (ext4): destination with the same identifier (name{enumi.0
}) has been already used, duplicate ignored

\AtBegShi@Output ...ipout \box \AtBeginShipoutBox 
                                                  \fi \fi 
l.164 
      pdfTeX warning (ext4): destination with the same identifier (name{enumi.0
}) has been already used, duplicate ignored

\AtBegShi@Output ...ipout \box \AtBeginShipoutBox 
                                                  \fi \fi 
l.164 
       <./Figures/ch1/datMain.png (PNG copy)>]
<Figures/ch1/mrSharkySouthView.png, id=719, 1863.96375pt x 1019.81pt>
File: Figures/ch1/mrSharkySouthView.png Graphic file (type png)
<use Figures/ch1/mrSharkySouthView.png>
Package pdftex.def Info: Figures/ch1/mrSharkySouthView.png  used on input line 
172.
(pdftex.def)             Requested size: 325.215pt x 177.92479pt.
<Figures/ch1/mrShTS.png, id=720, 1487.5575pt x 847.165pt>
File: Figures/ch1/mrShTS.png Graphic file (type png)
<use Figures/ch1/mrShTS.png>
Package pdftex.def Info: Figures/ch1/mrShTS.png  used on input line 173.
(pdftex.def)             Requested size: 325.215pt x 185.20055pt.
 [10 <./Figures/ch1/datTempAnom.png (PNG copy)>]
 Subsection 1.2.5.
[11 <./Figures/ch1/mrSharkySouthView.png (PNG copy)> <./Figures/ch1/mrShTS.png 
(PNG copy)>]) (./chapters/ch2.tex [12]
CHAPTER 2.
 Section 2.1.

! Package inputenc Error: Unicode character ◦ (U+25E6)
(inputenc)                not set up for use with LaTeX.

See the inputenc package documentation for explanation.
Type  H <return>  for immediate help.
 ...                                              
                                                  
l.10 ...on and Eurasian Snowfall. They used 0.5◦
                                                   resolution satellite data...

You may provide a definition with
\DeclareUnicodeCharacter 

[13

]
 Section 2.2.
 Subsection 2.2.1.
[14]
 Subsection 2.2.2.
[15] [16]
<Figures/ch2/lat_diff_vs_lat.png, id=800, 226.2051pt x 227.6505pt>
File: Figures/ch2/lat_diff_vs_lat.png Graphic file (type png)
<use Figures/ch2/lat_diff_vs_lat.png>
Package pdftex.def Info: Figures/ch2/lat_diff_vs_lat.png  used on input line 13
0.
(pdftex.def)             Requested size: 289.07999pt x 290.947pt.

 Subsection 2.2.3.
[17]
<Figures/ch2/dry_planet_24km.png, id=813, 230.17995pt x 209.22165pt>
File: Figures/ch2/dry_planet_24km.png Graphic file (type png)
<use Figures/ch2/dry_planet_24km.png>
Package pdftex.def Info: Figures/ch2/dry_planet_24km.png  used on input line 17
8.
(pdftex.def)             Requested size: 289.07999pt x 262.78424pt.
 [18 <./Figures/ch2/lat_diff_vs_lat.png>]
 Subsection 2.2.4.
[19 <./Figures/ch2/dry_planet_24km.png>]
 Subsection 2.2.5.
<Figures/ch2/zoomed_earth.png, id=835, 254.3904pt x 231.62535pt>
File: Figures/ch2/zoomed_earth.png Graphic file (type png)
<use Figures/ch2/zoomed_earth.png>
Package pdftex.def Info: Figures/ch2/zoomed_earth.png  used on input line 209.
(pdftex.def)             Requested size: 325.215pt x 296.12599pt.

Underfull \hbox (badness 10000) in paragraph at lines 209--210

 []

<Figures/ch2/areas_of_tibet_grid_ii.png, id=836, 552.0625pt x 401.5pt>
File: Figures/ch2/areas_of_tibet_grid_ii.png Graphic file (type png)
<use Figures/ch2/areas_of_tibet_grid_ii.png>
Package pdftex.def Info: Figures/ch2/areas_of_tibet_grid_ii.png  used on input 
line 218.
(pdftex.def)             Requested size: 433.62pt x 315.37422pt.
[20]
<Figures/ch2/centroid_grid_w_box_cropped.png, id=847, 353.32pt x 319.1925pt>
File: Figures/ch2/centroid_grid_w_box_cropped.png Graphic file (type png)
<use Figures/ch2/centroid_grid_w_box_cropped.png>
Package pdftex.def Info: Figures/ch2/centroid_grid_w_box_cropped.png  used on i
nput line 237.
(pdftex.def)             Requested size: 180.67499pt x 163.22435pt.
 [21 <./Figures/ch2/zoomed_earth.png>]
<Figures/ch2/areas_of_tibet_grid_i.png, id=862, 501.875pt x 501.875pt>
File: Figures/ch2/areas_of_tibet_grid_i.png Graphic file (type png)
<use Figures/ch2/areas_of_tibet_grid_i.png>
Package pdftex.def Info: Figures/ch2/areas_of_tibet_grid_i.png  used on input l
ine 258.
(pdftex.def)             Requested size: 433.62pt x 433.6411pt.
 [22 <./Figures/ch2/areas_of_tibet_grid_ii.png>]
<Figures/ch2/areas_of_subsection_i.png, id=873, 552.0625pt x 401.5pt>
File: Figures/ch2/areas_of_subsection_i.png Graphic file (type png)
<use Figures/ch2/areas_of_subsection_i.png>
Package pdftex.def Info: Figures/ch2/areas_of_subsection_i.png  used on input l
ine 270.
(pdftex.def)             Requested size: 433.62pt x 315.37422pt.
<Figures/ch2/areas_of_subsection_ii.png, id=876, 552.0625pt x 401.5pt>
File: Figures/ch2/areas_of_subsection_ii.png Graphic file (type png)
<use Figures/ch2/areas_of_subsection_ii.png>
Package pdftex.def Info: Figures/ch2/areas_of_subsection_ii.png  used on input 
line 290.
(pdftex.def)             Requested size: 433.62pt x 315.37422pt.

 Subsection 2.2.6.
[23 <./Figures/ch2/centroid_grid_w_box_cropped.png>] [24 <./Figures/ch2/areas_o
f_tibet_grid_i.png>]
 Section 2.3.
<Figures/ch2/tibet-snow-res-compare.png, id=893, 610.6815pt x 211.0284pt>
File: Figures/ch2/tibet-snow-res-compare.png Graphic file (type png)
<use Figures/ch2/tibet-snow-res-compare.png>
Package pdftex.def Info: Figures/ch2/tibet-snow-res-compare.png  used on input 
line 333.
(pdftex.def)             Requested size: 433.62pt x 149.8473pt.
[25 <./Figures/ch2/areas_of_subsection_i.png>]
<Figures/ch2/ts-2-res.png, id=903, 462.528pt x 285.10515pt>
File: Figures/ch2/ts-2-res.png Graphic file (type png)
<use Figures/ch2/ts-2-res.png>
Package pdftex.def Info: Figures/ch2/ts-2-res.png  used on input line 350.
(pdftex.def)             Requested size: 433.62pt x 267.29846pt.
<Figures/ch2/ts-compare.png, id=908, 384.11505pt x 304.61806pt>
File: Figures/ch2/ts-compare.png Graphic file (type png)
<use Figures/ch2/ts-compare.png>
Package pdftex.def Info: Figures/ch2/ts-compare.png  used on input line 361.
(pdftex.def)             Requested size: 433.62pt x 343.89368pt.
 [26 <./Figures/ch2/areas_of_subsection_ii.png>]
<Figures/ch2/tibet-24-anomalies-ts.png, id=917, 366.4089pt x 250.0542pt>
File: Figures/ch2/tibet-24-anomalies-ts.png Graphic file (type png)
<use Figures/ch2/tibet-24-anomalies-ts.png>
Package pdftex.def Info: Figures/ch2/tibet-24-anomalies-ts.png  used on input l
ine 376.
(pdftex.def)             Requested size: 433.62pt x 295.91988pt.
<Figures/ch2/tibet-24-climate.png, id=919, 225.4824pt x 168.3891pt>
File: Figures/ch2/tibet-24-climate.png Graphic file (type png)
<use Figures/ch2/tibet-24-climate.png>
Package pdftex.def Info: Figures/ch2/tibet-24-climate.png  used on input line 3
89.
(pdftex.def)             Requested size: 216.81pt x 161.92146pt.
<Figures/ch2/tibet-24-anomalies-hist.png, id=922, 225.12105pt x 172.36395pt>
File: Figures/ch2/tibet-24-anomalies-hist.png Graphic file (type png)
<use Figures/ch2/tibet-24-anomalies-hist.png>
Package pdftex.def Info: Figures/ch2/tibet-24-anomalies-hist.png  used on input
 line 400.
(pdftex.def)             Requested size: 216.81pt x 166.00665pt.
 [27 <./Figures/ch2/tibet-snow-res-compare.png>] [28 <./Figures/ch2/ts-2-res.pn
g>]
<Figures/ch2/tibet-24-stl.png, id=944, 395.4775pt x 401.5pt>
File: Figures/ch2/tibet-24-stl.png Graphic file (type png)
<use Figures/ch2/tibet-24-stl.png>
Package pdftex.def Info: Figures/ch2/tibet-24-stl.png  used on input line 447.
(pdftex.def)             Requested size: 216.81pt x 220.115pt.
 [29 <./Figures/ch2/ts-compare.png>]
<Figures/ch2/BL.png, id=954, 505.89pt x 505.89pt>
File: Figures/ch2/BL.png Graphic file (type png)
<use Figures/ch2/BL.png>
Package pdftex.def Info: Figures/ch2/BL.png  used on input line 489.
(pdftex.def)             Requested size: 216.81pt x 216.81056pt.

 Section 2.4.
<Figures/ch2/daily-tsm.png, id=957, 1010.77625pt x 905.3825pt>
File: Figures/ch2/daily-tsm.png Graphic file (type png)
<use Figures/ch2/daily-tsm.png>
Package pdftex.def Info: Figures/ch2/daily-tsm.png  used on input line 501.
(pdftex.def)             Requested size: 289.07999pt x 258.93466pt.
<Figures/ch2/tpe-daily.png, id=963, 975.645pt x 994.71625pt>
File: Figures/ch2/tpe-daily.png Graphic file (type png)
<use Figures/ch2/tpe-daily.png>
Package pdftex.def Info: Figures/ch2/tpe-daily.png  used on input line 512.
(pdftex.def)             Requested size: 289.07999pt x 294.72888pt.
[30 <./Figures/ch2/tibet-24-anomalies-ts.png>]
 Section 2.5.
[31 <./Figures/ch2/tibet-24-climate.png> <./Figures/ch2/tibet-24-anomalies-hist
.png>]) (./chapters/ch3.tex [32 <./Figures/ch2/tibet-24-stl.png>] [33 <./Figure
s/ch2/BL.png (PNG copy)>] [34 <./Figures/ch2/daily-tsm.png (PNG copy)> <./Figur
es/ch2/tpe-daily.png (PNG copy)>]
CHAPTER 3.
 Section 3.1.
<Figures/ch3/posSysTypeTS.png, id=996, 400.73715pt x 226.2051pt>
File: Figures/ch3/posSysTypeTS.png Graphic file (type png)
<use Figures/ch3/posSysTypeTS.png>
Package pdftex.def Info: Figures/ch3/posSysTypeTS.png  used on input line 11.
(pdftex.def)             Requested size: 433.62pt x 244.77417pt.
[35

 <./Figures/ch3/posSysTypeTS.png>]
 Section 3.2.
<Figures/ch3/gEarth.png, id=1009, 1830.84pt x 843.15pt>
File: Figures/ch3/gEarth.png Graphic file (type png)
<use Figures/ch3/gEarth.png>
Package pdftex.def Info: Figures/ch3/gEarth.png  used on input line 28.
(pdftex.def)             Requested size: 433.62pt x 199.68413pt.
<Figures/ch3/platformHist.png, id=1015, 797.98125pt x 671.50874pt>
File: Figures/ch3/platformHist.png Graphic file (type png)
<use Figures/ch3/platformHist.png>
Package pdftex.def Info: Figures/ch3/platformHist.png  used on input line 37.
(pdftex.def)             Requested size: 433.62pt x 364.89427pt.
<Figures/ch3/1901386.png, id=1016, 1189.44376pt x 733.74126pt>
File: Figures/ch3/1901386.png Graphic file (type png)
<use Figures/ch3/1901386.png>
Package pdftex.def Info: Figures/ch3/1901386.png  used on input line 45.
(pdftex.def)             Requested size: 433.62pt x 267.48305pt.
<Figures/ch3/pacman_map.png, id=1019, 817.0525pt x 656.4525pt>
File: Figures/ch3/pacman_map.png Graphic file (type png)
<use Figures/ch3/pacman_map.png>
Package pdftex.def Info: Figures/ch3/pacman_map.png  used on input line 55.
(pdftex.def)             Requested size: 123.67464pt x 99.3718pt.
<Figures/ch3/pacmanSelection.png, id=1020, 1420.30624pt x 494.84875pt>
File: Figures/ch3/pacmanSelection.png Graphic file (type png)
<use Figures/ch3/pacmanSelection.png>
Package pdftex.def Info: Figures/ch3/pacmanSelection.png  used on input line 56
.
(pdftex.def)             Requested size: 285.20483pt x 99.3718pt.
[36] [37 <./Figures/ch3/gEarth.png> <./Figures/ch3/pacman_map.png (PNG copy)> <
./Figures/ch3/pacmanSelection.png (PNG copy)>]
<Figures/ch3/pacman_table.png, id=1034, 1866.975pt x 460.72125pt>
File: Figures/ch3/pacman_table.png Graphic file (type png)
<use Figures/ch3/pacman_table.png>
Package pdftex.def Info: Figures/ch3/pacman_table.png  used on input line 65.
(pdftex.def)             Requested size: 433.62pt x 107.00409pt.
 [38 <./Figures/ch3/platformHist.png (PNG copy)>]
<Figures/ch3/profilePage.png, id=1046, 1135.24126pt x 819.06pt>
File: Figures/ch3/profilePage.png Graphic file (type png)
<use Figures/ch3/profilePage.png>
Package pdftex.def Info: Figures/ch3/profilePage.png  used on input line 75.
(pdftex.def)             Requested size: 234.3889pt x 169.11153pt.
<Figures/ch3/profileJSON.png, id=1047, 855.195pt x 819.06pt>
File: Figures/ch3/profileJSON.png Graphic file (type png)
<use Figures/ch3/profileJSON.png>
Package pdftex.def Info: Figures/ch3/profileJSON.png  used on input line 76.
(pdftex.def)             Requested size: 176.56883pt x 169.11153pt.
 [39 <./Figures/ch3/1901386.png (PNG copy)> <./Figures/ch3/pacman_table.png (PN
G copy)>]
 Section 3.3.
 Subsection 3.3.1.
pdfTeX warning (ext4): destination with the same identifier (name{enumi.0}) has
 been already used, duplicate ignored
<to be read again> 
                   \relax 
l.90 \item V
            isit \url{www.argovis.com}. You will be greeted by a Web Mercato...
<Figures/ch3/resetClearButtons.png, id=1059, 264.99pt x 102.3825pt>
File: Figures/ch3/resetClearButtons.png Graphic file (type png)
<use Figures/ch3/resetClearButtons.png>
Package pdftex.def Info: Figures/ch3/resetClearButtons.png  used on input line 
95.
(pdftex.def)             Requested size: 108.405pt x 41.88336pt.
[40 <./Figures/ch3/profilePage.png (PNG copy)> <./Figures/ch3/profileJSON.png>]
pdfTeX warning (ext4): destination with the same identifier (name{enumi.0}) has
 been already used, duplicate ignored
<to be read again> 
                   \relax 
l.100 \item Z
             oom into the Labrador sea, east of Greenland. You can zoom in b...
<Figures/ch3/mapDraw.png, id=1067, 165.61874pt x 350.30875pt>
File: Figures/ch3/mapDraw.png Graphic file (type png)
<use Figures/ch3/mapDraw.png>
Package pdftex.def Info: Figures/ch3/mapDraw.png  used on input line 105.
(pdftex.def)             Requested size: 108.405pt x 229.29088pt.
pdfTeX warning (ext4): destination with the same identifier (name{enumi.0}) has
 been already used, duplicate ignored
<to be read again> 
                   \relax 
l.110 \item C
             lick the polygon button, located below the zoom buttons and map...
pdfTeX warning (ext4): destination with the same identifier (name{enumi.0}) has
 been already used, duplicate ignored
<to be read again> 
                   \relax 
l.112 \item C
             reate a polygon by clicking on the region around the general ou...
<Figures/ch3/labSeaMap.png, id=1069, 545.03625pt x 442.65375pt>
File: Figures/ch3/labSeaMap.png Graphic file (type png)
<use Figures/ch3/labSeaMap.png>
Package pdftex.def Info: Figures/ch3/labSeaMap.png  used on input line 117.
(pdftex.def)             Requested size: 208.23035pt x 169.11153pt.
[41 <./Figures/ch3/resetClearButtons.png (PNG copy)> <./Figures/ch3/mapDraw.png
 (PNG copy)>]pdfTeX warning (ext4): destination with the same identifier (name{
enumi.0}) has been already used, duplicate ignored
<to be read again> 
                   \relax 
l.122 \item C
             lick on the date input element located on the sidebar. A date r...
<Figures/ch3/calender.png, id=1075, 685.56125pt x 534.99875pt>
File: Figures/ch3/calender.png Graphic file (type png)
<use Figures/ch3/calender.png>
Package pdftex.def Info: Figures/ch3/calender.png  used on input line 127.
(pdftex.def)             Requested size: 216.70612pt x 169.11153pt.
pdfTeX warning (ext4): destination with the same identifier (name{enumi.0}) has
 been already used, duplicate ignored
<to be read again> 
                   \relax 
l.132 \item A
             djust the pressure range, located on the sidebar (Figure~\ref{f...
<Figures/ch3/presBar.png, id=1077, 294.09875pt x 259.97125pt>
File: Figures/ch3/presBar.png Graphic file (type png)
<use Figures/ch3/presBar.png>
Package pdftex.def Info: Figures/ch3/presBar.png  used on input line 137.
(pdftex.def)             Requested size: 122.63657pt x 108.405pt.
[42 <./Figures/ch3/labSeaMap.png (PNG copy)> <./Figures/ch3/calender.png>]pdfTe
X warning (ext4): destination with the same identifier (name{enumi.0}) has been
 already used, duplicate ignored
<to be read again> 
                   \relax 
l.142 \item O
             pen the selection page by clicking on the shape popup button la...
<Figures/ch3/labSelPage.png, id=1086, 1805.74625pt x 961.5925pt>
File: Figures/ch3/labSelPage.png Graphic file (type png)
<use Figures/ch3/labSelPage.png>
Package pdftex.def Info: Figures/ch3/labSelPage.png  used on input line 149.
(pdftex.def)             Requested size: 433.62pt x 230.9043pt.
[43 <./Figures/ch3/presBar.png (PNG copy)>]pdfTeX warning (ext4): destination w
ith the same identifier (name{enumi.0}) has been already used, duplicate ignore
d
<to be read again> 
                   \relax 
l.156 \item D
             ownload the raw data by clicking on the "Download Data" button....
pdfTeX warning (ext4): destination with the same identifier (name{enumi.0}) has
 been already used, duplicate ignored
<to be read again> 
                   \relax 
l.158 \item D
             ownload the table of profile Metadata as a .csv file by clickin...
 Subsection 3.3.2.
pdfTeX warning (ext4): destination with the same identifier (name{enumi.0}) has
 been already used, duplicate ignored
<to be read again> 
                   \relax 
l.170 \item V
             isit \url{www.argovis.com}. You are greeted by a Web Mercator p...
pdfTeX warning (ext4): destination with the same identifier (name{enumi.0}) has
 been already used, duplicate ignored
<to be read again> 
                   \relax 
l.172 \item C
             lick the "Southern Polar Stereo Projection" button that redirec...
<Figures/ch3/southSeaMap.png, id=1105, 1601.985pt x 852.18375pt>
File: Figures/ch3/southSeaMap.png Graphic file (type png)
<use Figures/ch3/southSeaMap.png>
Package pdftex.def Info: Figures/ch3/southSeaMap.png  used on input line 177.
(pdftex.def)             Requested size: 433.62pt x 230.66483pt.
[44 <./Figures/ch3/labSelPage.png (PNG copy)>]pdfTeX warning (ext4): destinatio
n with the same identifier (name{enumi.0}) has been already used, duplicate ign
ored
<to be read again> 
                   \relax 
l.182 \item C
             lear the map by clicking the "Clear Map" button located the sid...
pdfTeX warning (ext4): destination with the same identifier (name{enumi.0}) has
 been already used, duplicate ignored
<to be read again> 
                   \relax 
l.184 \item E
             nter the WMO/platform number 1901386 in the "Search by platform...
<Figures/ch3/searchByPlatform.png, id=1111, 230.8625pt x 70.2625pt>
File: Figures/ch3/searchByPlatform.png Graphic file (type png)
<use Figures/ch3/searchByPlatform.png>
Package pdftex.def Info: Figures/ch3/searchByPlatform.png  used on input line 1
89.
(pdftex.def)             Requested size: 130.08731pt x 39.59116pt.
<Figures/ch3/profTrackingSouthSter.png, id=1112, 659.46375pt x 545.03625pt>
File: Figures/ch3/profTrackingSouthSter.png Graphic file (type png)
<use Figures/ch3/profTrackingSouthSter.png>
Package pdftex.def Info: Figures/ch3/profTrackingSouthSter.png  used on input l
ine 197.
(pdftex.def)             Requested size: 325.215pt x 268.79163pt.
[45 <./Figures/ch3/southSeaMap.png (PNG copy)> <./Figures/ch3/searchByPlatform.
png (PNG copy)>]pdfTeX warning (ext4): destination with the same identifier (na
me{enumi.0}) has been already used, duplicate ignored
<to be read again> 
                   \relax 
l.202 \item C
             lick on any orange point to bring up a profile popup window. Cl...
<Figures/ch3/colorPlots.png, id=1119, 1297.84875pt x 837.1275pt>
File: Figures/ch3/colorPlots.png Graphic file (type png)
<use Figures/ch3/colorPlots.png>
Package pdftex.def Info: Figures/ch3/colorPlots.png  used on input line 207.
(pdftex.def)             Requested size: 433.62pt x 279.68901pt.
[46 <./Figures/ch3/profTrackingSouthSter.png (PNG copy)>]pdfTeX warning (ext4):
 destination with the same identifier (name{enumi.0}) has been already used, du
plicate ignored
<to be read again> 
                   \relax 
l.214 \item C
             lick on the dark purple region in the upper right corner of tem...
<Figures/ch3/profPage.png, id=1126, 1159.33125pt x 928.46875pt>
File: Figures/ch3/profPage.png Graphic file (type png)
<use Figures/ch3/profPage.png>
Package pdftex.def Info: Figures/ch3/profPage.png  used on input line 219.
(pdftex.def)             Requested size: 433.62pt x 347.26822pt.
[47 <./Figures/ch3/colorPlots.png (PNG copy)>]pdfTeX warning (ext4): destinatio
n with the same identifier (name{enumi.0}) has been already used, duplicate ign
ored
<to be read again> 
                   \relax 
l.226 \item C
             lick on the link \url{ftp://ftp.ifremer.fr/ifremer/argo/dac/aom...
 Subsection 3.3.3.
[48 <./Figures/ch3/profPage.png (PNG copy)>]
<Figures/ch3/video-tutorials.png, id=1144, 1400.23125pt x 769.87625pt>
File: Figures/ch3/video-tutorials.png Graphic file (type png)
<use Figures/ch3/video-tutorials.png>
Package pdftex.def Info: Figures/ch3/video-tutorials.png  used on input line 23
7.
(pdftex.def)             Requested size: 433.62pt x 238.41248pt.

 Section 3.4.
 Subsection 3.4.1.
[49 <./Figures/ch3/video-tutorials.png (PNG copy)>]
 Subsection 3.4.2.
[50]
Package hyperref Info: bookmark level for unknown algorithm defaults to 0 on in
put line 304.

Overfull \hbox (43.13768pt too wide) in paragraph at lines 349--350
[] $[]$ 
 []


LaTeX Warning: Float too large for page by 2.52806pt on input line 383.

[51] [52] [53]
 Section 3.5.
 Section 3.6.
<Figures/ch3/ts.png, id=1225, 386.28316pt x 226.2051pt>
File: Figures/ch3/ts.png Graphic file (type png)
<use Figures/ch3/ts.png>
Package pdftex.def Info: Figures/ch3/ts.png  used on input line 407.
(pdftex.def)             Requested size: 433.62pt x 253.92438pt.
[54]
<Figures/ch3/tempColorChart.png, id=1236, 320.19624pt x 228.855pt>
File: Figures/ch3/tempColorChart.png Graphic file (type png)
<use Figures/ch3/tempColorChart.png>
Package pdftex.def Info: Figures/ch3/tempColorChart.png  used on input line 419
.
(pdftex.def)             Requested size: 289.07999pt x 206.6171pt.
 [55 <./Figures/ch3/ts.png>]
<Figures/ch3/tempHist.png, id=1244, 281.05pt x 232.87pt>
File: Figures/ch3/tempHist.png Graphic file (type png)
<use Figures/ch3/tempHist.png>
Package pdftex.def Info: Figures/ch3/tempHist.png  used on input line 432.
(pdftex.def)             Requested size: 289.07999pt x 239.53542pt.
 [56 <./Figures/ch3/tempColorChart.png>]
<Figures/ch3/contourPlotSelection.png, id=1251, 390.45876pt x 305.14pt>
File: Figures/ch3/contourPlotSelection.png Graphic file (type png)
<use Figures/ch3/contourPlotSelection.png>
Package pdftex.def Info: Figures/ch3/contourPlotSelection.png  used on input li
ne 466.
(pdftex.def)             Requested size: 289.07999pt x 225.92111pt.

[57 <./Figures/ch3/tempHist.png>]
<Figures/ch3/worldHist.png, id=1258, 456.7464pt x 156.1032pt>
File: Figures/ch3/worldHist.png Graphic file (type png)
<use Figures/ch3/worldHist.png>
Package pdftex.def Info: Figures/ch3/worldHist.png  used on input line 476.
(pdftex.def)             Requested size: 433.62pt x 148.20667pt.

 Section 3.7.
[58 <./Figures/ch3/contourPlotSelection.png> <./Figures/ch3/worldHist.png>])
(./chapters/ch4.tex [59]
CHAPTER 4.
[60

]pdfTeX warning (ext4): destination with the same identifier (name{enumi.0}) ha
s been already used, duplicate ignored
<to be read again> 
                   \relax 
l.12   \item b
              rowse datasets.pdfTeX warning (ext4): destination with the same i
dentifier (name{enumi.0}) has been already used, duplicate ignored
<to be read again> 
                   \relax 
l.13   \item a
              ssess its relevance to their needs.pdfTeX warning (ext4): destina
tion with the same identifier (name{enumi.0}) has been already used, duplicate 
ignored
<to be read again> 
                   \relax 
l.14   \item v
              isualize/select their region of interest.pdfTeX warning (ext4): d
estination with the same identifier (name{enumi.0}) has been already used, dupl
icate ignored
<to be read again> 
                   \relax 
l.15   \item d
              ownload data in a format they can use.) (./thesis.bbl [61]
[62

] [63]) (./append.tex [64]
APPENDIX A.
[65

]
 Section A.1.
 Subsection A.1.1.
[66]
 Subsection A.1.2.
[67]
 Subsection A.1.3.
 Subsection A.1.4.
 Subsection A.1.5.
[68]
 Subsection A.1.6.
[69]
 Subsection A.1.7.
[70] [71]
APPENDIX B.
[72

]
 Subsubsection B.0.0.1.
[73]
 Subsubsection B.0.0.2.
[74] [75]
APPENDIX C.
[76

]
Overfull \hbox (8.66183pt too wide) in paragraph at lines 266--267
[][][][][][][][][][][][][][][][][][][][][][][][][][][][][][][][][][][][][][][][
][][][][][][][][][][]  
 []

[77] [78] [79]
APPENDIX D.
[80

] (/usr/local/texlive/2018/texmf-dist/tex/latex/listings/lstlang1.sty
File: lstlang1.sty 2015/06/04 1.6 listings language file
)
(/usr/local/texlive/2018/texmf-dist/tex/latex/listings/lstlang1.sty
File: lstlang1.sty 2015/06/04 1.6 listings language file
))
Package atveryend Info: Empty hook `BeforeClearDocument' on input line 414.
 [81
runsystem(makeindex -s thesis.ist -t thesis.glg -o thesis.gls thesis.glo)...exe
cuted safely (allowed).

]
Package atveryend Info: Empty hook `AfterLastShipout' on input line 414.

(./thesis.aux)
Package atveryend Info: Executing hook `AtVeryEndDocument' on input line 414.
Package atveryend Info: Executing hook `AtEndAfterFileList' on input line 414.
Package rerunfilecheck Info: File `thesis.out' has not changed.
(rerunfilecheck)             Checksum: 25B1295AB3C3181F03769F5434CD873B;3292.
Package atveryend Info: Empty hook `AtVeryVeryEnd' on input line 414.
 ) 
Here is how much of TeX's memory you used:
 17581 strings out of 492649
 262016 string characters out of 6129622
 492645 words of memory out of 5000000
 20613 multiletter control sequences out of 15000+600000
 28548 words of font info for 66 fonts, out of 8000000 for 9000
 1141 hyphenation exceptions out of 8191
 47i,11n,93p,2019b,2021s stack positions out of 5000i,500n,10000p,200000b,80000s
{/usr/local/texlive/2018/texmf-dist/fonts/enc/dvips/base/8r.enc}</usr/local/t
exlive/2018/texmf-dist/fonts/type1/public/amsfonts/cm/cmex10.pfb></usr/local/te
xlive/2018/texmf-dist/fonts/type1/public/amsfonts/cm/cmitt10.pfb></usr/local/te
xlive/2018/texmf-dist/fonts/type1/public/amsfonts/cm/cmmi12.pfb></usr/local/tex
live/2018/texmf-dist/fonts/type1/public/amsfonts/cm/cmmi6.pfb></usr/local/texli
ve/2018/texmf-dist/fonts/type1/public/amsfonts/cm/cmmi8.pfb></usr/local/texlive
/2018/texmf-dist/fonts/type1/public/amsfonts/cm/cmr12.pfb></usr/local/texlive/2
018/texmf-dist/fonts/type1/public/amsfonts/cm/cmr6.pfb></usr/local/texlive/2018
/texmf-dist/fonts/type1/public/amsfonts/cm/cmr8.pfb></usr/local/texlive/2018/te
xmf-dist/fonts/type1/public/amsfonts/cm/cmsy10.pfb></usr/local/texlive/2018/tex
mf-dist/fonts/type1/public/amsfonts/cm/cmsy8.pfb></usr/local/texlive/2018/texmf
-dist/fonts/type1/public/amsfonts/cm/cmtt10.pfb></usr/local/texlive/2018/texmf-
dist/fonts/type1/public/amsfonts/cm/cmtt12.pfb></usr/local/texlive/2018/texmf-d
ist/fonts/type1/public/amsfonts/latxfont/line10.pfb></usr/local/texlive/2018/te
xmf-dist/fonts/type1/urw/times/utmb8a.pfb></usr/local/texlive/2018/texmf-dist/f
onts/type1/urw/times/utmr8a.pfb></usr/local/texlive/2018/texmf-dist/fonts/type1
/urw/times/utmr8a.pfb></usr/local/texlive/2018/texmf-dist/fonts/type1/urw/times
/utmri8a.pfb>
Output written on thesis.pdf (100 pages, 14849796 bytes).
PDF statistics:
 1742 PDF objects out of 2073 (max. 8388607)
 1518 compressed objects within 16 object streams
 496 named destinations out of 1000 (max. 500000)
 626 words of extra memory for PDF output out of 10000 (max. 10000000)

